18:30:43.603 [main] INFO  TestCases.TC001_AccountRegistrationTest - Clicked on MyAccount Link...
18:30:44.101 [main] INFO  TestCases.TC001_AccountRegistrationTest - Clicked on Register Link...
18:30:44.110 [main] ERROR TestCases.TC001_AccountRegistrationTest - Test Failed...
18:30:50.713 [main] INFO  TestCases.TC002_LoginTest - *******Starting TC_002_LoginTest*****
18:38:14.559 [main] INFO  TestCases.TC001_AccountRegistrationTest - *******Starting TC001_AccountRegistrationTest*****
18:38:14.665 [main] INFO  TestCases.TC001_AccountRegistrationTest - Clicked on MyAccount Link...
18:38:15.043 [main] INFO  TestCases.TC001_AccountRegistrationTest - Clicked on Register Link...
18:38:15.048 [main] INFO  TestCases.TC001_AccountRegistrationTest - Providing customer details...
18:38:16.584 [main] ERROR TestCases.TC001_AccountRegistrationTest - Test Failed...
18:38:22.410 [main] INFO  TestCases.TC002_LoginTest - *******Starting TC_002_LoginTest*****
18:38:23.602 [main] INFO  TestCases.TC002_LoginTest - *******Finished TC_002_LoginTest*****
18:40:17.474 [main] INFO  TestCases.TC001_AccountRegistrationTest - *******Starting TC001_AccountRegistrationTest*****
18:40:17.581 [main] INFO  TestCases.TC001_AccountRegistrationTest - Clicked on MyAccount Link...
18:40:18.023 [main] INFO  TestCases.TC001_AccountRegistrationTest - Clicked on Register Link...
18:40:18.026 [main] INFO  TestCases.TC001_AccountRegistrationTest - Providing customer details...
18:40:18.434 [main] ERROR TestCases.TC001_AccountRegistrationTest - Test Failed...
18:40:24.450 [main] INFO  TestCases.TC002_LoginTest - *******Starting TC_002_LoginTest*****
18:40:25.706 [main] INFO  TestCases.TC002_LoginTest - *******Finished TC_002_LoginTest*****
18:46:07.803 [main] INFO  TestCases.TC001_AccountRegistrationTest - *******Starting TC001_AccountRegistrationTest*****
18:46:07.911 [main] INFO  TestCases.TC001_AccountRegistrationTest - Clicked on MyAccount Link...
18:46:08.345 [main] INFO  TestCases.TC001_AccountRegistrationTest - Clicked on Register Link...
18:46:08.348 [main] INFO  TestCases.TC001_AccountRegistrationTest - Providing customer details...
18:46:08.778 [main] ERROR TestCases.TC001_AccountRegistrationTest - Test Failed...
18:46:14.689 [main] INFO  TestCases.TC002_LoginTest - *******Starting TC_002_LoginTest*****
18:46:16.004 [main] INFO  TestCases.TC002_LoginTest - *******Finished TC_002_LoginTest*****
18:47:56.909 [main] INFO  TestCases.TC001_AccountRegistrationTest - *******Starting TC001_AccountRegistrationTest*****
18:47:57.029 [main] INFO  TestCases.TC001_AccountRegistrationTest - Clicked on MyAccount Link...
18:47:57.431 [main] INFO  TestCases.TC001_AccountRegistrationTest - Clicked on Register Link...
18:47:57.433 [main] INFO  TestCases.TC001_AccountRegistrationTest - Providing customer details...
18:47:58.962 [main] ERROR TestCases.TC001_AccountRegistrationTest - Test Failed...
18:48:05.058 [main] INFO  TestCases.TC002_LoginTest - *******Starting TC_002_LoginTest*****
18:48:06.761 [main] INFO  TestCases.TC002_LoginTest - *******Finished TC_002_LoginTest*****
18:48:35.099 [main] INFO  TestCases.TC001_AccountRegistrationTest - *******Starting TC001_AccountRegistrationTest*****
18:48:35.204 [main] INFO  TestCases.TC001_AccountRegistrationTest - Clicked on MyAccount Link...
18:48:35.643 [main] INFO  TestCases.TC001_AccountRegistrationTest - Clicked on Register Link...
18:48:35.645 [main] INFO  TestCases.TC001_AccountRegistrationTest - Providing customer details...
18:48:37.268 [main] ERROR TestCases.TC001_AccountRegistrationTest - Test Failed...
18:48:43.498 [main] INFO  TestCases.TC002_LoginTest - *******Starting TC_002_LoginTest*****
18:48:45.550 [main] INFO  TestCases.TC002_LoginTest - *******Finished TC_002_LoginTest*****
18:49:48.519 [main] INFO  TestCases.TC001_AccountRegistrationTest - *******Starting TC001_AccountRegistrationTest*****
18:49:48.626 [main] INFO  TestCases.TC001_AccountRegistrationTest - Clicked on MyAccount Link...
18:49:49.026 [main] INFO  TestCases.TC001_AccountRegistrationTest - Clicked on Register Link...
18:49:49.029 [main] INFO  TestCases.TC001_AccountRegistrationTest - Providing customer details...
18:49:50.670 [main] ERROR TestCases.TC001_AccountRegistrationTest - Test Failed...
18:49:57.033 [main] INFO  TestCases.TC002_LoginTest - *******Starting TC_002_LoginTest*****
18:49:58.641 [main] INFO  TestCases.TC002_LoginTest - *******Finished TC_002_LoginTest*****
18:53:21.004 [main] INFO  TestCases.TC001_AccountRegistrationTest - *******Starting TC001_AccountRegistrationTest*****
18:53:21.111 [main] INFO  TestCases.TC001_AccountRegistrationTest - Clicked on MyAccount Link...
18:53:21.527 [main] INFO  TestCases.TC001_AccountRegistrationTest - Clicked on Register Link...
18:53:21.529 [main] INFO  TestCases.TC001_AccountRegistrationTest - Providing customer details...
18:53:22.190 [main] INFO  TestCases.TC001_AccountRegistrationTest - Validating expected message...
18:53:37.990 [main] INFO  TestCases.TC002_LoginTest - *******Starting TC_002_LoginTest*****
