12:10:57.934 [main] INFO  TestCases.TC001_AccountRegistrationTest - Clicked on Register Link...
12:10:57.988 [main] INFO  TestCases.TC001_AccountRegistrationTest - Providing customer details...
12:12:07.542 [main] INFO  TestCases.TC001_AccountRegistrationTest - Validating expected message...
12:12:07.840 [main] INFO  TestCases.TC001_AccountRegistrationTest - *****FInished TC001_AccountRegistrationTest******
12:15:50.422 [main] INFO  TestCases.TC002_LoginTest - *******Starting TC_002_LoginTest*****
12:16:06.710 [main] INFO  TestCases.TC002_LoginTest - *******Finished TC_002_LoginTest*****
10:20:21.797 [main] INFO  TestCases.TC001_AccountRegistrationTest - *******Starting TC001_AccountRegistrationTest*****
10:20:23.494 [main] INFO  TestCases.TC001_AccountRegistrationTest - Clicked on MyAccount Link...
10:20:30.079 [main] INFO  TestCases.TC001_AccountRegistrationTest - Clicked on Register Link...
10:20:30.092 [main] INFO  TestCases.TC001_AccountRegistrationTest - Providing customer details...
10:20:35.884 [main] INFO  TestCases.TC001_AccountRegistrationTest - Validating expected message...
10:20:45.897 [main] INFO  TestCases.TC001_AccountRegistrationTest - *****FInished TC001_AccountRegistrationTest******
10:21:31.117 [main] INFO  TestCases.TC002_LoginTest - *******Starting TC_002_LoginTest*****
10:21:57.688 [main] INFO  TestCases.TC002_LoginTest - *******Finished TC_002_LoginTest*****
10:28:00.671 [main] DEBUG org.testng.TestNG - suiteXmlPath: "C:\Users\Govind\Desktop\ABC\Opencart\testng.xml"
10:29:57.445 [main] INFO  TestCases.TC001_AccountRegistrationTest - *******Starting TC001_AccountRegistrationTest*****
10:30:09.072 [main] INFO  TestCases.TC001_AccountRegistrationTest - Clicked on MyAccount Link...
10:30:16.748 [main] INFO  TestCases.TC001_AccountRegistrationTest - Clicked on Register Link...
10:30:16.766 [main] INFO  TestCases.TC001_AccountRegistrationTest - Providing customer details...
10:30:22.173 [main] INFO  TestCases.TC001_AccountRegistrationTest - Validating expected message...
10:30:26.934 [main] INFO  TestCases.TC001_AccountRegistrationTest - *****FInished TC001_AccountRegistrationTest******
10:31:07.276 [main] INFO  TestCases.TC002_LoginTest - *******Starting TC_002_LoginTest*****
10:36:09.441 [main] DEBUG org.testng.TestNG - suiteXmlPath: "C:\Users\Govind\Desktop\ABC\Opencart\testng.xml"
10:36:32.795 [main] INFO  TestCases.TC001_AccountRegistrationTest - *******Starting TC001_AccountRegistrationTest*****
10:36:33.814 [main] INFO  TestCases.TC001_AccountRegistrationTest - Clicked on MyAccount Link...
10:36:37.611 [main] INFO  TestCases.TC001_AccountRegistrationTest - Clicked on Register Link...
10:36:37.622 [main] INFO  TestCases.TC001_AccountRegistrationTest - Providing customer details...
10:36:43.223 [main] INFO  TestCases.TC001_AccountRegistrationTest - Validating expected message...
10:36:51.672 [main] INFO  TestCases.TC001_AccountRegistrationTest - *****FInished TC001_AccountRegistrationTest******
10:37:15.011 [main] INFO  TestCases.TC002_LoginTest - *******Starting TC_002_LoginTest*****
10:37:33.735 [main] INFO  TestCases.TC002_LoginTest - *******Finished TC_002_LoginTest*****
09:27:05.643 [main] DEBUG org.testng.TestNG - suiteXmlPath: "C:\Users\Govind\Desktop\ABC\Opencart\testng.xml"
09:28:35.028 [main] DEBUG org.testng.TestNG - suiteXmlPath: "C:\Users\Govind\Desktop\ABC\Opencart\testng.xml"
09:28:43.530 [main] INFO  TestCases.TC001_AccountRegistrationTest - *******Starting TC001_AccountRegistrationTest*****
09:28:44.673 [main] ERROR TestCases.TC001_AccountRegistrationTest - Test Failed...
09:28:48.468 [main] INFO  TestCases.TC002_LoginTest - *******Starting TC_002_LoginTest*****
09:28:50.089 [main] INFO  TestCases.TC002_LoginTest - *******Finished TC_002_LoginTest*****
09:29:15.061 [main] DEBUG org.testng.TestNG - suiteXmlPath: "C:\Users\Govind\Desktop\ABC\Opencart\testng.xml"
09:29:19.477 [main] INFO  TestCases.TC001_AccountRegistrationTest - *******Starting TC001_AccountRegistrationTest*****
09:29:19.573 [main] INFO  TestCases.TC001_AccountRegistrationTest - Clicked on MyAccount Link...
09:29:20.058 [main] INFO  TestCases.TC001_AccountRegistrationTest - Clicked on Register Link...
09:29:20.061 [main] INFO  TestCases.TC001_AccountRegistrationTest - Providing customer details...
09:29:21.515 [main] ERROR TestCases.TC001_AccountRegistrationTest - Test Failed...
09:29:25.796 [main] INFO  TestCases.TC002_LoginTest - *******Starting TC_002_LoginTest*****
09:29:27.021 [main] INFO  TestCases.TC002_LoginTest - *******Finished TC_002_LoginTest*****
09:29:59.457 [main] DEBUG org.testng.TestNG - suiteXmlPath: "C:\Users\Govind\Desktop\ABC\Opencart\testng.xml"
09:30:04.032 [main] INFO  TestCases.TC001_AccountRegistrationTest - *******Starting TC001_AccountRegistrationTest*****
09:30:04.146 [main] INFO  TestCases.TC001_AccountRegistrationTest - Clicked on MyAccount Link...
09:30:04.520 [main] INFO  TestCases.TC001_AccountRegistrationTest - Clicked on Register Link...
